Build started 9/1/2016 9:32:21 PM.
     1>Project "c:\Users\ciscobandit\documents\visual studio 2015\Projects\p2_camFrust_trackBall\p2_camFrust_trackBall\p2_camFrust_trackBall.vcxproj" on node 2 (Build target(s)).
     1>ClCompile:
         C:\Program Files (x86)\Microsoft Visual Studio 14.0\VC\bin\CL.exe /c /ZI /nologo /W3 /WX- /sdl /Od /Oy- /D _MBCS /Gm /EHsc /RTC1 /MDd /GS /fp:precise /Zc:wchar_t /Zc:forScope /Zc:inline /Fo"Debug\\" /Fd"Debug\vc140.pdb" /Gd /TP /analyze- /errorReport:prompt Camera.cpp Matrix4.cpp Vector3.cpp Vector4.cpp frustum.cpp sphere.cpp
         sphere.cpp
     1>c:\users\ciscobandit\documents\visual studio 2015\projects\p2_camfrust_trackball\p2_camfrust_trackball\sphere.cpp(222): warning C4101: 'mag': unreferenced local variable
     1>c:\users\ciscobandit\documents\visual studio 2015\projects\p2_camfrust_trackball\p2_camfrust_trackball\sphere.cpp(637): warning C4101: 'circum': unreferenced local variable
     1>c:\users\ciscobandit\documents\visual studio 2015\projects\p2_camfrust_trackball\p2_camfrust_trackball\sphere.cpp(691): warning C4101: 'return2': unreferenced local variable
     1>c:\users\ciscobandit\documents\visual studio 2015\projects\p2_camfrust_trackball\p2_camfrust_trackball\sphere.cpp(690): warning C4101: 'return1': unreferenced local variable
         frustum.cpp
     1>c:\users\ciscobandit\documents\visual studio 2015\projects\p2_camfrust_trackball\p2_camfrust_trackball\frustum.cpp(59): warning C4101: 'temp2': unreferenced local variable
     1>c:\users\ciscobandit\documents\visual studio 2015\projects\p2_camfrust_trackball\p2_camfrust_trackball\frustum.cpp(59): warning C4101: 'temp3': unreferenced local variable
     1>c:\users\ciscobandit\documents\visual studio 2015\projects\p2_camfrust_trackball\p2_camfrust_trackball\frustum.cpp(59): warning C4101: 'temp4': unreferenced local variable
     1>c:\users\ciscobandit\documents\visual studio 2015\projects\p2_camfrust_trackball\p2_camfrust_trackball\frustum.cpp(59): warning C4101: 'temp': unreferenced local variable
         Vector4.cpp
         Vector3.cpp
         Matrix4.cpp
         Camera.cpp
         Generating Code...
       Link:
         C:\Program Files (x86)\Microsoft Visual Studio 14.0\VC\bin\link.exe /ERRORREPORT:PROMPT /OUT:"c:\users\ciscobandit\documents\visual studio 2015\Projects\p2_camFrust_trackBall\Debug\p2_camFrust_trackBall.exe" /INCREMENTAL /NOLOGO kernel32.lib user32.lib gdi32.lib winspool.lib comdlg32.lib advapi32.lib shell32.lib ole32.lib oleaut32.lib uuid.lib odbc32.lib odbccp32.lib /MANIFEST /MANIFESTUAC:"level='asInvoker' uiAccess='false'" /manifest:embed /Debug /PDB:"c:\users\ciscobandit\documents\visual studio 2015\Projects\p2_camFrust_trackBall\Debug\p2_camFrust_trackBall.pdb" /TLBID:1 /DYNAMICBASE /NXCOMPAT /IMPLIB:"c:\users\ciscobandit\documents\visual studio 2015\Projects\p2_camFrust_trackBall\Debug\p2_camFrust_trackBall.lib" /MACHINE:X86 Debug\Camera.obj
         Debug\frustum.obj
         Debug\Matrix4.obj
         Debug\sphere.obj
         Debug\Vector3.obj
         Debug\Vector4.obj
         p2_camFrust_trackBall.vcxproj -> c:\users\ciscobandit\documents\visual studio 2015\Projects\p2_camFrust_trackBall\Debug\p2_camFrust_trackBall.exe
     1>Done Building Project "c:\Users\ciscobandit\documents\visual studio 2015\Projects\p2_camFrust_trackBall\p2_camFrust_trackBall\p2_camFrust_trackBall.vcxproj" (Build target(s)).

Build succeeded.

Time Elapsed 00:00:02.63
